\BOOKMARK [0][-]{chapter*.5}{\376\377\000A\000b\000b\000i\000l\000d\000u\000n\000g\000s\000v\000e\000r\000z\000e\000i\000c\000h\000n\000i\000s}{}% 1
\BOOKMARK [0][-]{chapter.1}{\376\377\000D\000a\000s\000\040\000T\000e\000a\000m}{}% 2
\BOOKMARK [1][-]{section.1.1}{\376\377\000H\000a\000t\000i\000c\000e\000\040\000A\000k\000y\000o\000k\000u\000s}{chapter.1}% 3
\BOOKMARK [1][-]{section.1.2}{\376\377\000N\000i\000k\000l\000a\000s\000\040\000K\000i\000e\000n\000r\000e\000i\000c\000h}{chapter.1}% 4
\BOOKMARK [1][-]{section.1.3}{\376\377\000K\000e\000r\000s\000t\000i\000n\000\040\000S\000c\000h\000\366\000n}{chapter.1}% 5
\BOOKMARK [0][-]{chapter.2}{\376\377\000D\000a\000s\000\040\000P\000r\000o\000j\000e\000k\000t}{}% 6
\BOOKMARK [1][-]{section.2.1}{\376\377\000D\000i\000e\000\040\000I\000d\000e\000e}{chapter.2}% 7
\BOOKMARK [1][-]{section.2.2}{\376\377\000D\000i\000e\000\040\000P\000l\000a\000n\000u\000n\000g}{chapter.2}% 8
\BOOKMARK [1][-]{section.2.3}{\376\377\000P\000r\000o\000j\000e\000k\000t\000m\000a\000n\000a\000g\000e\000m\000e\000n\000t\000\040\000u\000n\000d\000\040\000K\000o\000m\000m\000u\000n\000i\000k\000a\000t\000i\000o\000n}{chapter.2}% 9
\BOOKMARK [2][-]{subsection.2.3.1}{\376\377\000P\000r\000o\000j\000e\000k\000t\000m\000a\000n\000a\000g\000e\000m\000e\000n\000t\000m\000e\000t\000h\000o\000d\000e}{section.2.3}% 10
\BOOKMARK [2][-]{subsection.2.3.2}{\376\377\000T\000o\000o\000l\000\040\000f\000\374\000r\000\040\000S\000c\000r\000u\000m}{section.2.3}% 11
\BOOKMARK [2][-]{subsection.2.3.3}{\376\377\000Z\000e\000i\000t\000e\000r\000f\000a\000s\000s\000u\000n\000g}{section.2.3}% 12
\BOOKMARK [2][-]{subsection.2.3.4}{\376\377\000K\000o\000m\000m\000u\000n\000i\000k\000a\000t\000i\000o\000n\000s\000m\000i\000t\000t\000e\000l}{section.2.3}% 13
\BOOKMARK [2][-]{subsection.2.3.5}{\376\377\000D\000o\000k\000u\000m\000e\000n\000t\000e\000n\000v\000e\000r\000w\000a\000l\000t\000u\000n\000g\000\040\000d\000u\000r\000c\000h\000\040\000S\000h\000a\000r\000e\000p\000o\000i\000n\000t}{section.2.3}% 14
\BOOKMARK [0][-]{chapter.3}{\376\377\000Z\000i\000e\000l\000e}{}% 15
\BOOKMARK [1][-]{section.3.1}{\376\377\000M\000u\000s\000s\000-\000Z\000i\000e\000l\000e}{chapter.3}% 16
\BOOKMARK [1][-]{section.3.2}{\376\377\000O\000p\000t\000i\000o\000n\000a\000l\000e\000\040\000Z\000i\000e\000l\000e}{chapter.3}% 17
\BOOKMARK [0][-]{chapter.4}{\376\377\000D\000e\000s\000i\000g\000n}{}% 18
\BOOKMARK [1][-]{section.4.1}{\376\377\000H\000i\000n\000t\000e\000r\000g\000e\000d\000a\000n\000k\000e\000n}{chapter.4}% 19
\BOOKMARK [1][-]{section.4.2}{\376\377\000C\000o\000r\000p\000o\000r\000a\000t\000e\000\040\000D\000e\000s\000i\000g\000n}{chapter.4}% 20
\BOOKMARK [2][-]{subsection.4.2.1}{\376\377\000F\000a\000r\000b\000e\000n}{section.4.2}% 21
\BOOKMARK [2][-]{subsection.4.2.2}{\376\377\000T\000y\000p\000o\000g\000r\000a\000f\000i\000e}{section.4.2}% 22
\BOOKMARK [2][-]{subsection.4.2.3}{\376\377\000A\000d\000o\000b\000e\000\040\000I\000l\000l\000u\000s\000t\000r\000a\000t\000o\000r}{section.4.2}% 23
\BOOKMARK [2][-]{subsection.4.2.4}{\376\377\000L\000o\000g\000o}{section.4.2}% 24
\BOOKMARK [2][-]{subsection.4.2.5}{\376\377\000V\000i\000s\000i\000t\000e\000n\000k\000a\000r\000t\000e\000n}{section.4.2}% 25
\BOOKMARK [2][-]{subsection.4.2.6}{\376\377\000D\000e\000s\000i\000g\000n\000e\000l\000e\000m\000e\000n\000t\000e}{section.4.2}% 26
\BOOKMARK [0][-]{chapter.5}{\376\377\000W\000e\000b\000a\000u\000f\000t\000r\000i\000t\000t}{}% 27
\BOOKMARK [1][-]{section.5.1}{\376\377\000I\000n\000t\000e\000n\000t\000i\000o\000n}{chapter.5}% 28
\BOOKMARK [1][-]{section.5.2}{\376\377\000I\000n\000h\000a\000l\000t}{chapter.5}% 29
\BOOKMARK [1][-]{section.5.3}{\376\377\000H\000o\000s\000t\000i\000n\000g}{chapter.5}% 30
\BOOKMARK [1][-]{section.5.4}{\376\377\000B\000i\000l\000d\000q\000u\000e\000l\000l\000e\000n}{chapter.5}% 31
\BOOKMARK [1][-]{section.5.5}{\376\377\000F\000r\000a\000m\000e\000w\000o\000r\000k\000s\000\040\000u\000n\000d\000\040\000L\000i\000b\000r\000a\000r\000i\000e\000s}{chapter.5}% 32
\BOOKMARK [2][-]{subsection.5.5.1}{\376\377\000C\000o\000n\000t\000e\000n\000t\000\040\000D\000e\000l\000i\000v\000e\000r\000y\000\040\000N\000e\000t\000w\000o\000r\000k}{section.5.5}% 33
\BOOKMARK [2][-]{subsection.5.5.2}{\376\377\000C\000S\000S\000-\000F\000r\000a\000m\000e\000w\000o\000r\000k\000s}{section.5.5}% 34
\BOOKMARK [1][-]{section.5.6}{\376\377\000R\000e\000s\000p\000o\000n\000s\000i\000v\000e\000n\000e\000s\000s}{chapter.5}% 35
\BOOKMARK [2][-]{subsection.5.6.1}{\376\377\000S\000t\000a\000r\000t\000s\000e\000i\000t\000e}{section.5.6}% 36
\BOOKMARK [1][-]{section.5.7}{\376\377\000S\000t\000o\000r\000y\000t\000e\000l\000l\000i\000n\000g}{chapter.5}% 37
\BOOKMARK [2][-]{subsection.5.7.1}{\376\377\000S\000t\000o\000r\000y}{section.5.7}% 38
\BOOKMARK [2][-]{subsection.5.7.2}{\376\377\000I\000n\000t\000e\000r\000a\000k\000t\000i\000v\000e\000\040\000E\000l\000e\000m\000e\000n\000t\000e}{section.5.7}% 39
\BOOKMARK [0][-]{chapter.6}{\376\377\000V\000i\000d\000e\000o}{}% 40
\BOOKMARK [1][-]{section.6.1}{\376\377\000I\000n\000t\000e\000r\000v\000i\000e\000w\000\040\000m\000i\000t\000\040\000d\000e\000m\000\040\000A\000b\000t\000e\000i\000l\000u\000n\000g\000s\000v\000o\000r\000s\000t\000a\000n\000d}{chapter.6}% 41
\BOOKMARK [2][-]{subsection.6.1.1}{\376\377\000I\000d\000e\000e}{section.6.1}% 42
\BOOKMARK [1][-]{section.6.2}{\376\377\000T\000a\000g\000\040\000d\000e\000r\000\040\000o\000f\000f\000e\000n\000e\000n\000\040\000T\000\374\000r}{chapter.6}% 43
\BOOKMARK [2][-]{subsection.6.2.1}{\376\377\000I\000d\000e\000e}{section.6.2}% 44
\BOOKMARK [1][-]{section.6.3}{\376\377\000V\000i\000d\000e\000o\000\040\000m\000i\000t\000\040\000e\000i\000n\000e\000m\000\040\000A\000b\000s\000o\000l\000v\000e\000n\000t}{chapter.6}% 45
\BOOKMARK [2][-]{subsection.6.3.1}{\376\377\000I\000d\000e\000e}{section.6.3}% 46
\BOOKMARK [1][-]{section.6.4}{\376\377\000T\000e\000c\000h\000n\000i\000k}{chapter.6}% 47
\BOOKMARK [2][-]{subsection.6.4.1}{\376\377\000A\000u\000f\000l\000\366\000s\000u\000n\000g}{section.6.4}% 48
\BOOKMARK [2][-]{subsection.6.4.2}{\376\377\000A\000s\000p\000e\000c\000t\000-\000R\000a\000t\000i\000o\000\040\000-\000\040\000S\000e\000i\000t\000e\000n\000v\000e\000r\000h\000\344\000l\000t\000n\000i\000s}{section.6.4}% 49
\BOOKMARK [2][-]{subsection.6.4.3}{\376\377\000B\000i\000l\000d\000r\000a\000t\000e}{section.6.4}% 50
\BOOKMARK [2][-]{subsection.6.4.4}{\376\377\000F\000a\000r\000b\000r\000a\000u\000m}{section.6.4}% 51
\BOOKMARK [2][-]{subsection.6.4.5}{\376\377\000F\000a\000r\000b\000a\000b\000t\000a\000s\000t\000u\000n\000g}{section.6.4}% 52
\BOOKMARK [2][-]{subsection.6.4.6}{\376\377\000W\000e\000i\000\337\000a\000b\000g\000l\000e\000i\000c\000h}{section.6.4}% 53
\BOOKMARK [1][-]{section.6.5}{\376\377\000K\000a\000m\000e\000r\000a\000m\000o\000d\000e\000l\000l\000e}{chapter.6}% 54
\BOOKMARK [2][-]{subsection.6.5.1}{\376\377\000D\000S\000L\000R\000\040\000K\000a\000m\000e\000r\000a\000\040\000-\000\040\000A\000u\000f\000b\000a\000u}{section.6.5}% 55
\BOOKMARK [2][-]{subsection.6.5.2}{\376\377\000S\000e\000n\000s\000o\000r\000e\000n}{section.6.5}% 56
\BOOKMARK [2][-]{subsection.6.5.3}{\376\377\000C\000a\000n\000o\000n\000\040\000E\000O\000S\000\040\0006\0000\000D}{section.6.5}% 57
\BOOKMARK [2][-]{subsection.6.5.4}{\376\377\000C\000a\000n\000o\000n\000\040\000E\000O\000S\000\040\0007\0000\000D}{section.6.5}% 58
\BOOKMARK [2][-]{subsection.6.5.5}{\376\377\000O\000b\000j\000e\000k\000t\000i\000v\000e}{section.6.5}% 59
\BOOKMARK [1][-]{section.6.6}{\376\377\000B\000e\000l\000e\000u\000c\000h\000t\000u\000n\000g}{chapter.6}% 60
\BOOKMARK [1][-]{section.6.7}{\376\377\000M\000i\000k\000r\000o\000f\000o\000n\000e}{chapter.6}% 61
\BOOKMARK [2][-]{subsection.6.7.1}{\376\377\000R\000i\000c\000h\000t\000c\000h\000a\000r\000a\000k\000t\000e\000r\000i\000s\000t\000i\000k}{section.6.7}% 62
\BOOKMARK [2][-]{subsection.6.7.2}{\376\377\000K\000o\000n\000d\000e\000n\000s\000a\000t\000o\000r\000m\000i\000k\000r\000o\000f\000o\000n}{section.6.7}% 63
\BOOKMARK [2][-]{subsection.6.7.3}{\376\377\000D\000y\000n\000a\000m\000i\000s\000c\000h\000e\000s\000\040\000M\000i\000k\000r\000o\000f\000o\000n}{section.6.7}% 64
\BOOKMARK [1][-]{section.6.8}{\376\377\000P\000l\000a\000n\000u\000n\000g\000\040\000u\000n\000d\000\040\000V\000o\000r\000b\000e\000r\000e\000i\000t\000u\000n\000g}{chapter.6}% 65
\BOOKMARK [2][-]{subsection.6.8.1}{\376\377\000L\000o\000g\000l\000i\000n\000e}{section.6.8}% 66
\BOOKMARK [2][-]{subsection.6.8.2}{\376\377\000E\000x\000p\000o\000s\000\351}{section.6.8}% 67
\BOOKMARK [2][-]{subsection.6.8.3}{\376\377\000T\000r\000e\000a\000t\000m\000e\000n\000t}{section.6.8}% 68
\BOOKMARK [2][-]{subsection.6.8.4}{\376\377\000D\000r\000e\000h\000b\000u\000c\000h}{section.6.8}% 69
\BOOKMARK [2][-]{subsection.6.8.5}{\376\377\000S\000t\000o\000r\000y\000b\000o\000a\000r\000d}{section.6.8}% 70
\BOOKMARK [1][-]{section.6.9}{\376\377\000S\000e\000t\000t\000i\000n\000g}{chapter.6}% 71
\BOOKMARK [1][-]{section.6.10}{\376\377\000P\000o\000s\000t\000\040\000P\000r\000o\000d\000u\000c\000t\000i\000o\000n}{chapter.6}% 72
\BOOKMARK [2][-]{subsection.6.10.1}{\376\377\000A\000u\000f\000n\000a\000h\000m\000e\000f\000o\000r\000m\000a\000t\000e}{section.6.10}% 73
\BOOKMARK [2][-]{subsection.6.10.2}{\376\377\000K\000o\000m\000p\000r\000e\000s\000s\000i\000o\000n\000s\000v\000e\000r\000f\000a\000h\000r\000e\000n}{section.6.10}% 74
\BOOKMARK [2][-]{subsection.6.10.3}{\376\377\000S\000c\000h\000n\000i\000t\000t\000p\000r\000o\000g\000r\000a\000m\000m\000e}{section.6.10}% 75
\BOOKMARK [2][-]{subsection.6.10.4}{\376\377\000S\000c\000h\000n\000i\000t\000t}{section.6.10}% 76
\BOOKMARK [2][-]{subsection.6.10.5}{\376\377\000B\000l\000e\000n\000d\000e\000n}{section.6.10}% 77
\BOOKMARK [2][-]{subsection.6.10.6}{\376\377\000C\000o\000l\000o\000r\000\040\000C\000o\000r\000r\000e\000c\000t\000i\000o\000n}{section.6.10}% 78
\BOOKMARK [2][-]{subsection.6.10.7}{\376\377\000L\000u\000m\000e\000t\000r\000i\000-\000F\000a\000r\000b\000k\000o\000r\000r\000e\000k\000t\000u\000r}{section.6.10}% 79
\BOOKMARK [2][-]{subsection.6.10.8}{\376\377\000M\000a\000s\000k\000e\000n}{section.6.10}% 80
\BOOKMARK [2][-]{subsection.6.10.9}{\376\377\000G\000e\000s\000c\000h\000w\000i\000n\000d\000i\000g\000k\000e\000i\000t\000s\000e\000f\000f\000e\000k\000t\000e}{section.6.10}% 81
\BOOKMARK [2][-]{subsection.6.10.10}{\376\377\000M\000u\000s\000i\000k}{section.6.10}% 82
\BOOKMARK [2][-]{subsection.6.10.11}{\376\377\000E\000x\000p\000o\000r\000t}{section.6.10}% 83
\BOOKMARK [1][-]{section.6.11}{\376\377\000I\000n\000t\000e\000r\000v\000i\000e\000w\000\040\000m\000i\000t\000\040\000e\000i\000n\000e\000m\000\040\000F\000a\000c\000h\000m\000a\000n\000n}{chapter.6}% 84
\BOOKMARK [2][-]{subsection.6.11.1}{\376\377\000I\000d\000e\000e}{section.6.11}% 85
\BOOKMARK [2][-]{subsection.6.11.2}{\376\377\000D\000r\000e\000h}{section.6.11}% 86
\BOOKMARK [2][-]{subsection.6.11.3}{\376\377\000S\000c\000h\000n\000i\000t\000t}{section.6.11}% 87
\BOOKMARK [2][-]{subsection.6.11.4}{\376\377\000G\000r\000e\000e\000n\000\040\000S\000c\000r\000e\000e\000n}{section.6.11}% 88
\BOOKMARK [2][-]{subsection.6.11.5}{\376\377\000H\000e\000r\000a\000u\000s\000f\000o\000r\000d\000e\000r\000u\000n\000g\000e\000n}{section.6.11}% 89
\BOOKMARK [0][-]{chapter.7}{\376\377\000A\000n\000i\000m\000a\000t\000i\000o\000n\000s\000v\000i\000d\000e\000o}{}% 90
\BOOKMARK [1][-]{section.7.1}{\376\377\000I\000d\000e\000e}{chapter.7}% 91
\BOOKMARK [1][-]{section.7.2}{\376\377\000Z\000i\000e\000l}{chapter.7}% 92
\BOOKMARK [1][-]{section.7.3}{\376\377\000D\000r\000e\000h\000b\000u\000c\000h}{chapter.7}% 93
\BOOKMARK [2][-]{subsection.7.3.1}{\376\377\000B\000r\000a\000i\000n\000s\000t\000o\000r\000m\000i\000n\000g}{section.7.3}% 94
\BOOKMARK [2][-]{subsection.7.3.2}{\376\377\000E\000i\000n\000d\000r\000u\000c\000k}{section.7.3}% 95
\BOOKMARK [1][-]{section.7.4}{\376\377\000A\000u\000d\000i\000o\000a\000u\000f\000n\000a\000h\000m\000e}{chapter.7}% 96
\BOOKMARK [2][-]{subsection.7.4.1}{\376\377\000D\000\344\000m\000m\000u\000n\000g}{section.7.4}% 97
\BOOKMARK [2][-]{subsection.7.4.2}{\376\377\000A\000u\000f\000n\000a\000h\000m\000e\000s\000o\000f\000t\000w\000a\000r\000e}{section.7.4}% 98
\BOOKMARK [2][-]{subsection.7.4.3}{\376\377\000S\000c\000h\000n\000i\000t\000t\000s\000o\000f\000t\000w\000a\000r\000e}{section.7.4}% 99
\BOOKMARK [1][-]{section.7.5}{\376\377\000U\000m\000s\000e\000t\000z\000u\000n\000g}{chapter.7}% 100
\BOOKMARK [2][-]{subsection.7.5.1}{\376\377\000Z\000e\000i\000c\000h\000n\000e\000n}{section.7.5}% 101
\BOOKMARK [2][-]{subsection.7.5.2}{\376\377\000E\000x\000p\000o\000r\000t}{section.7.5}% 102
\BOOKMARK [2][-]{subsection.7.5.3}{\376\377\000A\000n\000i\000m\000a\000t\000i\000o\000n}{section.7.5}% 103
\BOOKMARK [0][-]{appendix.A}{\376\377\000A\000n\000h\000a\000n\000g}{}% 104
\BOOKMARK [0][-]{chapter*.116}{\376\377\000L\000i\000t\000e\000r\000a\000t\000u\000r\000v\000e\000r\000z\000e\000i\000c\000h\000n\000i\000s}{}% 105
